<?xml version="1.0" encoding="utf-8"?><testsuites name="pytest tests"><testsuite name="pytest" errors="0" failures="0" skipped="0" tests="52" time="8.726" timestamp="2026-04-24T18:57:52.999460+00:00" hostname="agent-env-d492e66e-9f21-4779-9b64-992372aa86df"><testcase classname="backend.tests.backend_test.TestAuth" name="test_root" time="0.254" /><testcase classname="backend.tests.backend_test.TestAuth" name="test_login_admin" time="0.436" /><testcase classname="backend.tests.backend_test.TestAuth" name="test_invalid_login" time="0.167" /><testcase classname="backend.tests.backend_test.TestAuth" name="test_me_no_auth" time="0.136" /><testcase classname="backend.tests.backend_test.TestAuth" name="test_logout" time="0.048" /><testcase classname="backend.tests.backend_test.TestAuth" name="test_duplicate_register" time="0.432" /><testcase classname="backend.tests.backend_test.TestPublic" name="test_events_public" time="0.142" /><testcase classname="backend.tests.backend_test.TestPublic" name="test_notifications_public" time="0.191" /><testcase classname="backend.tests.backend_test.TestPublic" name="test_announcements_public" time="0.130" /><testcase classname="backend.tests.backend_test.TestPublic" name="test_stats" time="0.104" /><testcase classname="backend.tests.backend_test.TestRBAC" name="test_member_cannot_create_event" time="0.391" /><testcase classname="backend.tests.backend_test.TestRBAC" name="test_member_cannot_list_pending" time="0.057" /><testcase classname="backend.tests.backend_test.TestRBAC" name="test_faculty_cannot_create_event" time="0.048" /><testcase classname="backend.tests.backend_test.TestRBAC" name="test_unauthed_create_event" time="0.156" /><testcase classname="backend.tests.backend_test.TestCoreTeamFlows" name="test_create_event_and_list" time="0.164" /><testcase classname="backend.tests.backend_test.TestCoreTeamFlows" name="test_create_notification" time="0.052" /><testcase classname="backend.tests.backend_test.TestCoreTeamFlows" name="test_create_announcement" time="0.048" /><testcase classname="backend.tests.backend_test.TestCoreTeamFlows" name="test_pending_members" time="0.049" /><testcase classname="backend.tests.backend_test.TestEventRegistrationAndApproval" name="test_member_registers_event" time="0.117" /><testcase classname="backend.tests.backend_test.TestEventRegistrationAndApproval" name="test_my_registrations" time="0.050" /><testcase classname="backend.tests.backend_test.TestEventRegistrationAndApproval" name="test_approve_member" time="0.047" /><testcase classname="backend.tests.backend_test.TestProposalsAndCleanup" name="test_faculty_cannot_create_proposal" time="0.055" /><testcase classname="backend.tests.backend_test.TestProposalsAndCleanup" name="test_core_creates_proposal_faculty_approves" time="0.103" /><testcase classname="backend.tests.backend_test.TestProposalsAndCleanup" name="test_cleanup_event_and_notif" time="0.096" /><testcase classname="backend.tests.backend_test.TestForgotPassword" name="test_forgot_password_existing_user" time="0.452" /><testcase classname="backend.tests.backend_test.TestForgotPassword" name="test_forgot_password_nonexistent_user_returns_200_no_enumeration" time="0.104" /><testcase classname="backend.tests.backend_test.TestResetPassword" name="test_reset_password_bad_token" time="0.115" /><testcase classname="backend.tests.backend_test.TestResetPassword" name="test_reset_password_with_valid_token" time="1.588" /><testcase classname="backend.tests.backend_test.TestResetPassword" name="test_reset_password_token_reuse_fails" time="0.115" /><testcase classname="backend.tests.backend_test.TestEventRegistrationEmail" name="test_event_register_sends_confirmation_returns_200" time="0.588" /><testcase classname="backend.tests.backend_test.TestTasks" name="test_tasks_list_member_403" time="0.098" /><testcase classname="backend.tests.backend_test.TestTasks" name="test_tasks_list_admin" time="0.131" /><testcase classname="backend.tests.backend_test.TestTasks" name="test_tasks_list_faculty" time="0.052" /><testcase classname="backend.tests.backend_test.TestTasks" name="test_create_task_and_assignee_resolution" time="0.153" /><testcase classname="backend.tests.backend_test.TestTasks" name="test_create_task_invalid_status" time="0.055" /><testcase classname="backend.tests.backend_test.TestTasks" name="test_create_task_invalid_priority" time="0.044" /><testcase classname="backend.tests.backend_test.TestTasks" name="test_member_cannot_create_task" time="0.054" /><testcase classname="backend.tests.backend_test.TestTasks" name="test_faculty_cannot_create_task" time="0.052" /><testcase classname="backend.tests.backend_test.TestTasks" name="test_update_task_status_drag" time="0.107" /><testcase classname="backend.tests.backend_test.TestTasks" name="test_update_task_invalid_status" time="0.049" /><testcase classname="backend.tests.backend_test.TestTasks" name="test_update_task_not_found" time="0.051" /><testcase classname="backend.tests.backend_test.TestTasks" name="test_member_cannot_update_task" time="0.054" /><testcase classname="backend.tests.backend_test.TestTasks" name="test_delete_task" time="0.093" /><testcase classname="backend.tests.backend_test.TestTeam" name="test_team_member_403" time="0.051" /><testcase classname="backend.tests.backend_test.TestTeam" name="test_team_list_admin" time="0.051" /><testcase classname="backend.tests.backend_test.TestTeam" name="test_team_list_faculty" time="0.049" /><testcase classname="backend.tests.backend_test.TestEventPatch" name="test_patch_event_winners_photos" time="0.286" /><testcase classname="backend.tests.backend_test.TestEventPatch" name="test_patch_event_not_found" time="0.052" /><testcase classname="backend.tests.backend_test.TestEventPatch" name="test_patch_event_member_403" time="0.063" /><testcase classname="backend.tests.backend_test.TestPastUpcomingEvents" name="test_past_events_public" time="0.174" /><testcase classname="backend.tests.backend_test.TestPastUpcomingEvents" name="test_upcoming_events_public" time="0.110" /><testcase classname="backend.tests.backend_test.TestPastUpcomingEvents" name="test_past_and_upcoming_are_disjoint" time="0.265" /></testsuite></testsuites>