<?xml version="1.0" encoding="utf-8"?><testsuites name="pytest tests"><testsuite name="pytest" errors="0" failures="0" skipped="0" tests="6" time="3.770" timestamp="2026-04-24T18:46:44.795027+00:00" hostname="agent-env-d492e66e-9f21-4779-9b64-992372aa86df"><testcase classname="backend.tests.backend_test.TestForgotPassword" name="test_forgot_password_existing_user" time="0.622" /><testcase classname="backend.tests.backend_test.TestForgotPassword" name="test_forgot_password_nonexistent_user_returns_200_no_enumeration" time="0.156" /><testcase classname="backend.tests.backend_test.TestResetPassword" name="test_reset_password_bad_token" time="0.106" /><testcase classname="backend.tests.backend_test.TestResetPassword" name="test_reset_password_with_valid_token" time="1.604" /><testcase classname="backend.tests.backend_test.TestResetPassword" name="test_reset_password_token_reuse_fails" time="0.122" /><testcase classname="backend.tests.backend_test.TestEventRegistrationEmail" name="test_event_register_sends_confirmation_returns_200" time="1.000" /></testsuite></testsuites>