<?xml version="1.0" encoding="utf-8"?><testsuites name="pytest tests"><testsuite name="pytest" errors="0" failures="0" skipped="0" tests="24" time="3.328" timestamp="2026-04-20T09:08:36.211102+00:00" hostname="agent-env-d492e66e-9f21-4779-9b64-992372aa86df"><testcase classname="backend.tests.backend_test.TestAuth" name="test_root" time="0.238" /><testcase classname="backend.tests.backend_test.TestAuth" name="test_login_admin" time="0.416" /><testcase classname="backend.tests.backend_test.TestAuth" name="test_invalid_login" time="0.104" /><testcase classname="backend.tests.backend_test.TestAuth" name="test_me_no_auth" time="0.132" /><testcase classname="backend.tests.backend_test.TestAuth" name="test_logout" time="0.045" /><testcase classname="backend.tests.backend_test.TestAuth" name="test_duplicate_register" time="0.465" /><testcase classname="backend.tests.backend_test.TestPublic" name="test_events_public" time="0.101" /><testcase classname="backend.tests.backend_test.TestPublic" name="test_notifications_public" time="0.141" /><testcase classname="backend.tests.backend_test.TestPublic" name="test_announcements_public" time="0.108" /><testcase classname="backend.tests.backend_test.TestPublic" name="test_stats" time="0.103" /><testcase classname="backend.tests.backend_test.TestRBAC" name="test_member_cannot_create_event" time="0.375" /><testcase classname="backend.tests.backend_test.TestRBAC" name="test_member_cannot_list_pending" time="0.050" /><testcase classname="backend.tests.backend_test.TestRBAC" name="test_faculty_cannot_create_event" time="0.045" /><testcase classname="backend.tests.backend_test.TestRBAC" name="test_unauthed_create_event" time="0.117" /><testcase classname="backend.tests.backend_test.TestCoreTeamFlows" name="test_create_event_and_list" time="0.157" /><testcase classname="backend.tests.backend_test.TestCoreTeamFlows" name="test_create_notification" time="0.052" /><testcase classname="backend.tests.backend_test.TestCoreTeamFlows" name="test_create_announcement" time="0.064" /><testcase classname="backend.tests.backend_test.TestCoreTeamFlows" name="test_pending_members" time="0.048" /><testcase classname="backend.tests.backend_test.TestEventRegistrationAndApproval" name="test_member_registers_event" time="0.105" /><testcase classname="backend.tests.backend_test.TestEventRegistrationAndApproval" name="test_my_registrations" time="0.049" /><testcase classname="backend.tests.backend_test.TestEventRegistrationAndApproval" name="test_approve_member" time="0.047" /><testcase classname="backend.tests.backend_test.TestProposalsAndCleanup" name="test_faculty_cannot_create_proposal" time="0.047" /><testcase classname="backend.tests.backend_test.TestProposalsAndCleanup" name="test_core_creates_proposal_faculty_approves" time="0.114" /><testcase classname="backend.tests.backend_test.TestProposalsAndCleanup" name="test_cleanup_event_and_notif" time="0.119" /></testsuite></testsuites>